c:\work\capldll_ent-main\vs 2017 project\debug\capldll.bsc
c:\work\capldll_ent-main\vs 2017 project\debug\capldll.lib
c:\work\capldll_ent-main\vs 2017 project\debug\capldll.exp
c:\work\capldll_ent-main\vs 2017 project\debug\vc142.pdb
c:\work\capldll_ent-main\vs 2017 project\debug\capldll.sbr
c:\work\capldll_ent-main\vs 2017 project\debug\capldll.obj
c:\work\capldll_ent-main\vs 2017 project\debug\chisq.sbr
c:\work\capldll_ent-main\vs 2017 project\debug\ent.sbr
c:\work\capldll_ent-main\vs 2017 project\debug\iso8859.sbr
c:\work\capldll_ent-main\vs 2017 project\debug\randtest.sbr
c:\work\capldll_ent-main\vs 2017 project\debug\randtest.obj
c:\work\capldll_ent-main\vs 2017 project\debug\iso8859.obj
c:\work\capldll_ent-main\vs 2017 project\debug\ent.obj
c:\work\capldll_ent-main\vs 2017 project\debug\chisq.obj
c:\work\capldll_ent-main\vs 2017 project\debug\capldll.dll
c:\work\capldll_ent-main\vs 2017 project\debug\capldll.map
c:\work\capldll_ent-main\vs 2017 project\debug\capldll.pdb
c:\work\capldll_ent-main\vs 2017 project\debug\capldll.tlog\bscmake.command.1.tlog
c:\work\capldll_ent-main\vs 2017 project\debug\capldll.tlog\bscmake.read.1.tlog
c:\work\capldll_ent-main\vs 2017 project\debug\capldll.tlog\bscmake.write.1.tlog
c:\work\capldll_ent-main\vs 2017 project\debug\capldll.tlog\capldll.write.1u.tlog
c:\work\capldll_ent-main\vs 2017 project\debug\capldll.tlog\cl.command.1.tlog
c:\work\capldll_ent-main\vs 2017 project\debug\capldll.tlog\cl.read.1.tlog
c:\work\capldll_ent-main\vs 2017 project\debug\capldll.tlog\cl.write.1.tlog
c:\work\capldll_ent-main\vs 2017 project\debug\capldll.tlog\link.command.1.tlog
c:\work\capldll_ent-main\vs 2017 project\debug\capldll.tlog\link.read.1.tlog
c:\work\capldll_ent-main\vs 2017 project\debug\capldll.tlog\link.write.1.tlog
